<?xml version="1.0" encoding="UTF-8"?>
<!-- Generated by org.testng.reporters.JUnitXMLReporter -->
<testsuite ignored="2" hostname="Tejshrees-MacBook-Air.local" failures="0" tests="1" name="Default test" time="46.024" errors="0" timestamp="2025-02-26T16:47:22 EST">
  <testcase classname="com.cadd.qa.testcases.HomePageTests" name="verifyClickingOnSignInButtonOpensLoginPage" time="12.339"/>
  <testcase classname="com.cadd.qa.testcases.HomePageTests" name="verifyUnloggedUserCannotPreviewAndDownloadContentsFromVisualizer" time="0.0">
    <ignored/>
  </testcase> <!-- verifyUnloggedUserCannotPreviewAndDownloadContentsFromVisualizer -->
  <testcase classname="com.cadd.qa.testcases.HomePageTests" name="verifyUserIsAuthBlockedWhenUserClicksCADLinkOnHomePage" time="0.0">
    <ignored/>
  </testcase> <!-- verifyUserIsAuthBlockedWhenUserClicksCADLinkOnHomePage -->
</testsuite> <!-- Default test -->
