<?xml version="1.0" encoding="UTF-8"?>
<!-- Generated by org.testng.reporters.JUnitXMLReporter -->
<testsuite ignored="3" hostname="Tejshrees-MacBook-Air.local" failures="0" tests="1" name="Default test" time="46.976" errors="0" timestamp="2025-02-20T23:43:05 EST">
  <testcase classname="com.cadd.qa.testcases.LoginPageTests" name="verifyErrorMessageIsDisplayedWhenUserTriesToLoginWithoutEnteringEmailAndPassword" time="5.82"/>
  <testcase classname="com.cadd.qa.testcases.LoginPageTests" name="verifyErrorMessageIsDisplayedWhenValidEmailButInvalidPaswordIsEnteredForLogin" time="0.0">
    <ignored/>
  </testcase> <!-- verifyErrorMessageIsDisplayedWhenValidEmailButInvalidPaswordIsEnteredForLogin -->
  <testcase classname="com.cadd.qa.testcases.LoginPageTests" name="verifyErrorMessageIsDisplayedWhenInvalidEmailIsEnteredForLogin" time="0.0">
    <ignored/>
  </testcase> <!-- verifyErrorMessageIsDisplayedWhenInvalidEmailIsEnteredForLogin -->
  <testcase classname="com.cadd.qa.testcases.LoginPageTests" name="verifyUserIsAbleToLoginWithValidCredentials" time="0.0">
    <ignored/>
  </testcase> <!-- verifyUserIsAbleToLoginWithValidCredentials -->
</testsuite> <!-- Default test -->
