<?xml version="1.0" encoding="UTF-8"?>
<!-- Generated by org.testng.reporters.JUnitXMLReporter -->
<testsuite ignored="0" hostname="Tejshrees-MacBook-Air.local" failures="0" tests="8" name="CADDetails App Test Cases" time="529.695" errors="0" timestamp="2025-02-20T10:57:33 EST">
  <testcase classname="com.cadd.qa.testcases.HomePageTests" name="verifyClickingOnSignInButtonOpensLoginPage" time="10.422"/>
  <testcase classname="com.cadd.qa.testcases.HomePageTests" name="verifyUnloggedUserCannotPreviewAndDownloadContentsFromVisualizer" time="44.468"/>
  <testcase classname="com.cadd.qa.testcases.HomePageTests" name="verifyUserIsAuthBlockedWhenUserClicksCADLinkOnHomePage" time="11.522"/>
  <testcase classname="com.cadd.qa.testcases.LoginPageTests" name="verifyErrorMessageIsDisplayedWhenInvalidEmailIsEnteredForLogin" time="10.336"/>
  <testcase classname="com.cadd.qa.testcases.LoginPageTests" name="verifyErrorMessageIsDisplayedWhenValidEmailButInvalidPaswordIsEnteredForLogin" time="11.255"/>
  <testcase classname="com.cadd.qa.testcases.LoginPageTests" name="verifyUserIsAbleToLoginWithValidCredentials" time="27.412"/>
  <testcase classname="com.cadd.qa.testcases.UserHomePageTests" name="verifyLoggedInUserIsAbleToDownloadCADSampleCollectionFromHomePage" time="44.555"/>
  <testcase classname="com.cadd.qa.testcases.CADDrawingsPageTests" name="verifyUserIsAbleToPreviewAndDownloadContentFromVisualizer" time="9.795"/>
</testsuite> <!-- CADDetails App Test Cases -->
