<?xml version="1.0" encoding="UTF-8"?>
<testng-results ignored="0" total="1" passed="1" failed="0" skipped="0">
  <reporter-output>
  </reporter-output>
  <suite started-at="2025-02-26T13:13:06 EST" name="Default suite" finished-at="2025-02-26T13:14:51 EST" duration-ms="104659">
    <groups>
    </groups>
    <test started-at="2025-02-26T13:13:06 EST" name="Default test" finished-at="2025-02-26T13:14:51 EST" duration-ms="104659">
      <class name="com.cadd.qa.testcases.CADDrawingsPageTests">
        <test-method is-config="true" signature="setUp()[pri:0, instance:com.cadd.qa.testcases.CADDrawingsPageTests@35b74c5c]" started-at="2025-02-26T13:13:06 EST" name="setUp" finished-at="2025-02-26T13:14:34 EST" duration-ms="87924" status="PASS">
          <reporter-output>
          </reporter-output>
        </test-method> <!-- setUp -->
        <test-method signature="verifyUserIsAbleToPreviewAndDownloadContentFromVisualizer()[pri:0, instance:com.cadd.qa.testcases.CADDrawingsPageTests@35b74c5c]" started-at="2025-02-26T13:14:34 EST" name="verifyUserIsAbleToPreviewAndDownloadContentFromVisualizer" finished-at="2025-02-26T13:14:50 EST" duration-ms="16385" status="PASS">
          <reporter-output>
          </reporter-output>
        </test-method> <!-- verifyUserIsAbleToPreviewAndDownloadContentFromVisualizer -->
        <test-method is-config="true" signature="tearDown()[pri:0, instance:com.cadd.qa.testcases.CADDrawingsPageTests@35b74c5c]" started-at="2025-02-26T13:14:50 EST" name="tearDown" finished-at="2025-02-26T13:14:51 EST" duration-ms="254" status="PASS">
          <reporter-output>
          </reporter-output>
        </test-method> <!-- tearDown -->
      </class> <!-- com.cadd.qa.testcases.CADDrawingsPageTests -->
    </test> <!-- Default test -->
  </suite> <!-- Default suite -->
</testng-results>
