<?xml version="1.0" encoding="UTF-8"?>
<testng-results ignored="2" total="3" passed="1" failed="0" skipped="0">
  <reporter-output>
  </reporter-output>
  <suite started-at="2025-02-20T02:59:34 EST" name="Default suite" finished-at="2025-02-20T03:00:26 EST" duration-ms="52687">
    <groups>
    </groups>
    <test started-at="2025-02-20T02:59:34 EST" name="Default test" finished-at="2025-02-20T03:00:26 EST" duration-ms="52687">
      <class name="com.cadd.qa.testcases.LoginPageTests">
        <test-method is-config="true" signature="setUp()[pri:0, instance:com.cadd.qa.testcases.LoginPageTests@50029372]" started-at="2025-02-20T02:59:34 EST" name="setUp" finished-at="2025-02-20T03:00:16 EST" duration-ms="41758" status="PASS">
          <reporter-output>
          </reporter-output>
        </test-method> <!-- setUp -->
        <test-method signature="verifyErrorMessageIsDisplayedWhenInvalidEmailIsEnteredForLogin()[pri:0, instance:com.cadd.qa.testcases.LoginPageTests@50029372]" started-at="2025-02-20T03:00:16 EST" name="verifyErrorMessageIsDisplayedWhenInvalidEmailIsEnteredForLogin" finished-at="2025-02-20T03:00:26 EST" duration-ms="10482" status="PASS">
          <reporter-output>
          </reporter-output>
        </test-method> <!-- verifyErrorMessageIsDisplayedWhenInvalidEmailIsEnteredForLogin -->
        <test-method is-config="true" signature="tearDown()[pri:0, instance:com.cadd.qa.testcases.LoginPageTests@50029372]" started-at="2025-02-20T03:00:26 EST" name="tearDown" finished-at="2025-02-20T03:00:26 EST" duration-ms="296" status="PASS">
          <reporter-output>
          </reporter-output>
        </test-method> <!-- tearDown -->
      </class> <!-- com.cadd.qa.testcases.LoginPageTests -->
    </test> <!-- Default test -->
  </suite> <!-- Default suite -->
</testng-results>
